2024-02-02 17:19:03,467 - Namespace(dataset='income', task='binary', output_dir='./output', log_name='income_best', seed=0, device='cuda', gpu_id='0', epoch=10000, weight_decay=0.001, learning_rate=0.001, batch_size=1024, early_stopping_rounds=15, K=5, polynomial='chebyshev', dim=32, depth=6, n_heads=2, hidden_mlp=128, attn_dropout=0.1, ff_dropout=0.1, categ_loss_ratio=0.1, log_path='./output/income_best.log', pretrain_checkpoint_path='./output/income_best_pretrain.pt', finetune_checkpoint_path='./output/income_best_finetune.pt', mlp_checkpoint_path='./output/income_best_mlp.pt')
2024-02-02 17:19:12,825 - TabTransformer_TabPSA(
  (categ_embed): Embedding(100, 32)
  (norm): LayerNorm((6,), eps=1e-05, elementwise_affine=True)
  (transformer): PolyTransformer(
    (layers): ModuleList(
      (0-5): 6 x ModuleList(
        (0): PreNorm(
          (norm): LayerNorm((32,), eps=1e-05, elementwise_affine=True)
          (fn): PolyAttention(
            (to_qkv): Linear(in_features=32, out_features=96, bias=False)
            (to_out): Linear(in_features=32, out_features=32, bias=True)
            (dropout): Dropout(p=0.1, inplace=False)
            (chebnet): PolyConvFrame(
              (thetas): ParameterList(
                  (0): Parameter containing: [torch.float32 of size  (GPU 0)]
                  (1): Parameter containing: [torch.float32 of size  (GPU 0)]
                  (2): Parameter containing: [torch.float32 of size  (GPU 0)]
                  (3): Parameter containing: [torch.float32 of size  (GPU 0)]
                  (4): Parameter containing: [torch.float32 of size  (GPU 0)]
                  (5): Parameter containing: [torch.float32 of size  (GPU 0)]
              )
            )
          )
        )
        (1): PreNorm(
          (norm): LayerNorm((32,), eps=1e-05, elementwise_affine=True)
          (fn): FeedForward(
            (net): Sequential(
              (0): Linear(in_features=32, out_features=256, bias=True)
              (1): GEGLU()
              (2): Dropout(p=0.1, inplace=False)
              (3): Linear(in_features=128, out_features=32, bias=True)
            )
          )
        )
      )
    )
  )
  (mlp): MLP(
    (mlp): Sequential(
      (0): Linear(in_features=262, out_features=128, bias=True)
      (1): SELU()
      (2): Linear(in_features=128, out_features=64, bias=True)
      (3): SELU()
      (4): Linear(in_features=64, out_features=104, bias=True)
    )
  )
)
2024-02-02 17:19:12,829 - # params of pretrained model: 152920

2024-02-02 17:19:18,352 - {'epoch': 0, 'train_loss': '1.5002'}
2024-02-02 17:19:19,492 - Validation score increased.  Saving model ...
2024-02-02 17:19:22,933 - {'epoch': 1, 'train_loss': '1.0246'}
2024-02-02 17:19:23,701 - Validation score increased.  Saving model ...
2024-02-02 17:19:28,172 - {'epoch': 2, 'train_loss': '0.9524'}
2024-02-02 17:19:28,825 - Validation score increased.  Saving model ...
2024-02-02 17:19:31,873 - {'epoch': 3, 'train_loss': '0.9182'}
2024-02-02 17:19:32,521 - Validation score increased.  Saving model ...
2024-02-02 17:19:35,343 - {'epoch': 4, 'train_loss': '0.8978'}
2024-02-02 17:19:35,984 - Validation score increased.  Saving model ...
2024-02-02 17:19:38,862 - {'epoch': 5, 'train_loss': '0.8841'}
2024-02-02 17:19:39,520 - Validation score increased.  Saving model ...
2024-02-02 17:19:42,473 - {'epoch': 6, 'train_loss': '0.8745'}
2024-02-02 17:19:43,130 - EarlyStopping counter: 1 out of 15
2024-02-02 17:19:46,098 - {'epoch': 7, 'train_loss': '0.8653'}
2024-02-02 17:19:46,778 - Validation score increased.  Saving model ...
2024-02-02 17:19:49,890 - {'epoch': 8, 'train_loss': '0.8573'}
2024-02-02 17:19:50,529 - Validation score increased.  Saving model ...
2024-02-02 17:19:54,025 - {'epoch': 9, 'train_loss': '0.8544'}
2024-02-02 17:19:54,694 - EarlyStopping counter: 1 out of 15
2024-02-02 17:19:57,628 - {'epoch': 10, 'train_loss': '0.8564'}
2024-02-02 17:19:58,312 - Validation score increased.  Saving model ...
2024-02-02 17:20:01,588 - {'epoch': 11, 'train_loss': '0.8531'}
2024-02-02 17:20:03,364 - Validation score increased.  Saving model ...
2024-02-02 17:20:07,613 - {'epoch': 12, 'train_loss': '0.8429'}
2024-02-02 17:20:08,282 - EarlyStopping counter: 1 out of 15
2024-02-02 17:20:11,065 - {'epoch': 13, 'train_loss': '0.8427'}
2024-02-02 17:20:11,717 - EarlyStopping counter: 2 out of 15
2024-02-02 17:20:14,683 - {'epoch': 14, 'train_loss': '0.8475'}
2024-02-02 17:20:15,365 - EarlyStopping counter: 3 out of 15
2024-02-02 17:20:18,322 - {'epoch': 15, 'train_loss': '0.8388'}
2024-02-02 17:20:18,971 - EarlyStopping counter: 4 out of 15
2024-02-02 17:20:21,924 - {'epoch': 16, 'train_loss': '0.8381'}
2024-02-02 17:20:22,566 - Validation score increased.  Saving model ...
2024-02-02 17:20:25,591 - {'epoch': 17, 'train_loss': '0.8322'}
2024-02-02 17:20:26,240 - EarlyStopping counter: 1 out of 15
2024-02-02 17:20:29,198 - {'epoch': 18, 'train_loss': '0.8336'}
2024-02-02 17:20:29,891 - Validation score increased.  Saving model ...
2024-02-02 17:20:32,909 - {'epoch': 19, 'train_loss': '0.8322'}
2024-02-02 17:20:33,549 - EarlyStopping counter: 1 out of 15
2024-02-02 17:20:36,490 - {'epoch': 20, 'train_loss': '0.8275'}
2024-02-02 17:20:37,161 - Validation score increased.  Saving model ...
2024-02-02 17:20:40,057 - {'epoch': 21, 'train_loss': '0.8290'}
2024-02-02 17:20:40,724 - Validation score increased.  Saving model ...
2024-02-02 17:20:43,763 - {'epoch': 22, 'train_loss': '0.8329'}
2024-02-02 17:20:44,400 - Validation score increased.  Saving model ...
2024-02-02 17:20:47,720 - {'epoch': 23, 'train_loss': '0.8307'}
2024-02-02 17:20:48,367 - EarlyStopping counter: 1 out of 15
2024-02-02 17:20:51,319 - {'epoch': 24, 'train_loss': '0.8262'}
2024-02-02 17:20:51,991 - EarlyStopping counter: 2 out of 15
2024-02-02 17:20:54,821 - {'epoch': 25, 'train_loss': '0.8249'}
2024-02-02 17:20:55,478 - EarlyStopping counter: 3 out of 15
2024-02-02 17:20:58,823 - {'epoch': 26, 'train_loss': '0.8274'}
2024-02-02 17:20:59,777 - EarlyStopping counter: 4 out of 15
2024-02-02 17:21:02,608 - {'epoch': 27, 'train_loss': '0.8289'}
2024-02-02 17:21:03,295 - EarlyStopping counter: 5 out of 15
2024-02-02 17:21:06,267 - {'epoch': 28, 'train_loss': '0.8243'}
2024-02-02 17:21:07,090 - EarlyStopping counter: 6 out of 15
2024-02-02 17:21:10,020 - {'epoch': 29, 'train_loss': '0.8219'}
2024-02-02 17:21:10,688 - EarlyStopping counter: 7 out of 15
2024-02-02 17:21:13,739 - {'epoch': 30, 'train_loss': '0.8242'}
2024-02-02 17:21:14,400 - EarlyStopping counter: 8 out of 15
2024-02-02 17:21:17,348 - {'epoch': 31, 'train_loss': '0.8233'}
2024-02-02 17:21:18,004 - EarlyStopping counter: 9 out of 15
2024-02-02 17:21:20,932 - {'epoch': 32, 'train_loss': '0.8152'}
2024-02-02 17:21:21,598 - EarlyStopping counter: 10 out of 15
2024-02-02 17:21:24,610 - {'epoch': 33, 'train_loss': '0.8138'}
2024-02-02 17:21:25,273 - Validation score increased.  Saving model ...
2024-02-02 17:21:28,308 - {'epoch': 34, 'train_loss': '0.8194'}
2024-02-02 17:21:28,946 - EarlyStopping counter: 1 out of 15
2024-02-02 17:21:31,978 - {'epoch': 35, 'train_loss': '0.8247'}
2024-02-02 17:21:32,620 - Validation score increased.  Saving model ...
2024-02-02 17:21:35,644 - {'epoch': 36, 'train_loss': '0.8176'}
2024-02-02 17:21:36,297 - Validation score increased.  Saving model ...
2024-02-02 17:21:39,350 - {'epoch': 37, 'train_loss': '0.8186'}
2024-02-02 17:21:40,019 - EarlyStopping counter: 1 out of 15
2024-02-02 17:21:42,979 - {'epoch': 38, 'train_loss': '0.8226'}
2024-02-02 17:21:43,651 - Validation score increased.  Saving model ...
2024-02-02 17:21:46,574 - {'epoch': 39, 'train_loss': '0.8220'}
2024-02-02 17:21:47,247 - EarlyStopping counter: 1 out of 15
2024-02-02 17:21:50,056 - {'epoch': 40, 'train_loss': '0.8234'}
2024-02-02 17:21:50,714 - EarlyStopping counter: 2 out of 15
2024-02-02 17:21:53,620 - {'epoch': 41, 'train_loss': '0.8183'}
2024-02-02 17:21:54,299 - EarlyStopping counter: 3 out of 15
2024-02-02 17:21:57,271 - {'epoch': 42, 'train_loss': '0.8218'}
2024-02-02 17:21:57,941 - EarlyStopping counter: 4 out of 15
2024-02-02 17:22:01,155 - {'epoch': 43, 'train_loss': '0.8122'}
2024-02-02 17:22:01,793 - EarlyStopping counter: 5 out of 15
2024-02-02 17:22:04,687 - {'epoch': 44, 'train_loss': '0.8105'}
2024-02-02 17:22:05,351 - EarlyStopping counter: 6 out of 15
2024-02-02 17:22:08,270 - {'epoch': 45, 'train_loss': '0.8182'}
2024-02-02 17:22:08,912 - Validation score increased.  Saving model ...
2024-02-02 17:22:11,777 - {'epoch': 46, 'train_loss': '0.8194'}
2024-02-02 17:22:12,424 - EarlyStopping counter: 1 out of 15
2024-02-02 17:22:15,387 - {'epoch': 47, 'train_loss': '0.8142'}
2024-02-02 17:22:16,073 - EarlyStopping counter: 2 out of 15
2024-02-02 17:22:18,983 - {'epoch': 48, 'train_loss': '0.8123'}
2024-02-02 17:22:19,613 - Validation score increased.  Saving model ...
2024-02-02 17:22:22,665 - {'epoch': 49, 'train_loss': '0.8174'}
2024-02-02 17:22:23,336 - Validation score increased.  Saving model ...
2024-02-02 17:22:26,343 - {'epoch': 50, 'train_loss': '0.8179'}
2024-02-02 17:22:27,006 - EarlyStopping counter: 1 out of 15
2024-02-02 17:22:29,954 - {'epoch': 51, 'train_loss': '0.8235'}
2024-02-02 17:22:30,604 - EarlyStopping counter: 2 out of 15
2024-02-02 17:22:34,474 - {'epoch': 52, 'train_loss': '0.8194'}
2024-02-02 17:22:35,546 - EarlyStopping counter: 3 out of 15
2024-02-02 17:22:38,423 - {'epoch': 53, 'train_loss': '0.8156'}
2024-02-02 17:22:39,068 - Validation score increased.  Saving model ...
2024-02-02 17:22:41,989 - {'epoch': 54, 'train_loss': '0.8172'}
2024-02-02 17:22:42,650 - EarlyStopping counter: 1 out of 15
2024-02-02 17:22:45,559 - {'epoch': 55, 'train_loss': '0.8158'}
2024-02-02 17:22:46,212 - EarlyStopping counter: 2 out of 15
2024-02-02 17:22:49,524 - {'epoch': 56, 'train_loss': '0.8139'}
2024-02-02 17:22:50,172 - EarlyStopping counter: 3 out of 15
2024-02-02 17:22:53,203 - {'epoch': 57, 'train_loss': '0.8139'}
2024-02-02 17:22:53,858 - EarlyStopping counter: 4 out of 15
2024-02-02 17:22:56,793 - {'epoch': 58, 'train_loss': '0.8177'}
2024-02-02 17:22:57,438 - EarlyStopping counter: 5 out of 15
2024-02-02 17:23:00,376 - {'epoch': 59, 'train_loss': '0.8136'}
2024-02-02 17:23:01,016 - EarlyStopping counter: 6 out of 15
2024-02-02 17:23:03,909 - {'epoch': 60, 'train_loss': '0.8147'}
2024-02-02 17:23:04,563 - EarlyStopping counter: 7 out of 15
2024-02-02 17:23:07,510 - {'epoch': 61, 'train_loss': '0.8105'}
2024-02-02 17:23:08,176 - EarlyStopping counter: 8 out of 15
2024-02-02 17:23:11,097 - {'epoch': 62, 'train_loss': '0.8154'}
2024-02-02 17:23:11,972 - Validation score increased.  Saving model ...
2024-02-02 17:23:15,032 - {'epoch': 63, 'train_loss': '0.8259'}
2024-02-02 17:23:15,682 - EarlyStopping counter: 1 out of 15
2024-02-02 17:23:18,655 - {'epoch': 64, 'train_loss': '0.8179'}
2024-02-02 17:23:19,313 - EarlyStopping counter: 2 out of 15
2024-02-02 17:23:22,272 - {'epoch': 65, 'train_loss': '0.8147'}
2024-02-02 17:23:23,553 - EarlyStopping counter: 3 out of 15
2024-02-02 17:23:26,565 - {'epoch': 66, 'train_loss': '0.8162'}
2024-02-02 17:23:27,204 - EarlyStopping counter: 4 out of 15
2024-02-02 17:23:30,088 - {'epoch': 67, 'train_loss': '0.8223'}
2024-02-02 17:23:30,717 - EarlyStopping counter: 5 out of 15
2024-02-02 17:23:33,622 - {'epoch': 68, 'train_loss': '0.8143'}
2024-02-02 17:23:34,268 - EarlyStopping counter: 6 out of 15
2024-02-02 17:23:37,202 - {'epoch': 69, 'train_loss': '0.8148'}
2024-02-02 17:23:37,830 - EarlyStopping counter: 7 out of 15
2024-02-02 17:23:40,650 - {'epoch': 70, 'train_loss': '0.8103'}
2024-02-02 17:23:41,315 - EarlyStopping counter: 8 out of 15
2024-02-02 17:23:44,198 - {'epoch': 71, 'train_loss': '0.8134'}
2024-02-02 17:23:44,980 - EarlyStopping counter: 9 out of 15
2024-02-02 17:23:47,909 - {'epoch': 72, 'train_loss': '0.8167'}
2024-02-02 17:23:48,667 - EarlyStopping counter: 10 out of 15
2024-02-02 17:23:52,059 - {'epoch': 73, 'train_loss': '0.8133'}
2024-02-02 17:23:52,728 - EarlyStopping counter: 11 out of 15
2024-02-02 17:23:55,644 - {'epoch': 74, 'train_loss': '0.8108'}
2024-02-02 17:23:56,313 - EarlyStopping counter: 12 out of 15
2024-02-02 17:23:59,430 - {'epoch': 75, 'train_loss': '0.8145'}
2024-02-02 17:24:00,075 - EarlyStopping counter: 13 out of 15
2024-02-02 17:24:03,062 - {'epoch': 76, 'train_loss': '0.8126'}
2024-02-02 17:24:03,725 - EarlyStopping counter: 14 out of 15
2024-02-02 17:24:06,666 - {'epoch': 77, 'train_loss': '0.8210'}
2024-02-02 17:24:09,060 - EarlyStopping counter: 15 out of 15
2024-02-02 17:24:09,060 - Early stopping
2024-02-02 17:24:09,503 - MLP(
  (mlp): Sequential(
    (0): Linear(in_features=262, out_features=128, bias=True)
    (1): SELU()
    (2): Linear(in_features=128, out_features=128, bias=True)
    (3): SELU()
    (4): Linear(in_features=128, out_features=2, bias=True)
  )
)
2024-02-02 17:24:09,504 - # params of mlp model: 50434

2024-02-02 17:24:09,522 - Load best pretrained model from ./output/income_best_pretrain.pt
2024-02-02 17:24:09,522 - 
Start finetuning mlp model
2024-02-02 17:24:12,423 - {'epoch': 0, 'train_loss': '0.4616'}
2024-02-02 17:24:13,143 - Validation score increased.  Saving model ...
2024-02-02 17:24:16,105 - {'epoch': 1, 'train_loss': '0.3898'}
2024-02-02 17:24:16,860 - Validation score increased.  Saving model ...
2024-02-02 17:24:19,826 - {'epoch': 2, 'train_loss': '0.3758'}
2024-02-02 17:24:20,448 - Validation score increased.  Saving model ...
2024-02-02 17:24:23,424 - {'epoch': 3, 'train_loss': '0.3670'}
2024-02-02 17:24:24,064 - EarlyStopping counter: 1 out of 15
2024-02-02 17:24:26,977 - {'epoch': 4, 'train_loss': '0.3681'}
2024-02-02 17:24:27,617 - Validation score increased.  Saving model ...
2024-02-02 17:24:30,589 - {'epoch': 5, 'train_loss': '0.3631'}
2024-02-02 17:24:31,212 - EarlyStopping counter: 1 out of 15
2024-02-02 17:24:34,106 - {'epoch': 6, 'train_loss': '0.3644'}
2024-02-02 17:24:34,845 - Validation score increased.  Saving model ...
2024-02-02 17:24:37,877 - {'epoch': 7, 'train_loss': '0.3601'}
2024-02-02 17:24:38,615 - EarlyStopping counter: 1 out of 15
2024-02-02 17:24:41,604 - {'epoch': 8, 'train_loss': '0.3625'}
2024-02-02 17:24:42,648 - Validation score increased.  Saving model ...
2024-02-02 17:24:46,734 - {'epoch': 9, 'train_loss': '0.3608'}
2024-02-02 17:24:47,367 - EarlyStopping counter: 1 out of 15
2024-02-02 17:24:50,566 - {'epoch': 10, 'train_loss': '0.3631'}
2024-02-02 17:24:51,185 - EarlyStopping counter: 2 out of 15
2024-02-02 17:24:54,921 - {'epoch': 11, 'train_loss': '0.3594'}
2024-02-02 17:24:55,587 - EarlyStopping counter: 3 out of 15
2024-02-02 17:24:58,486 - {'epoch': 12, 'train_loss': '0.3628'}
2024-02-02 17:24:59,096 - EarlyStopping counter: 4 out of 15
2024-02-02 17:25:01,994 - {'epoch': 13, 'train_loss': '0.3576'}
2024-02-02 17:25:02,620 - EarlyStopping counter: 5 out of 15
2024-02-02 17:25:05,490 - {'epoch': 14, 'train_loss': '0.3540'}
2024-02-02 17:25:06,291 - EarlyStopping counter: 6 out of 15
2024-02-02 17:25:09,258 - {'epoch': 15, 'train_loss': '0.3618'}
2024-02-02 17:25:09,891 - EarlyStopping counter: 7 out of 15
2024-02-02 17:25:12,862 - {'epoch': 16, 'train_loss': '0.3605'}
2024-02-02 17:25:13,615 - EarlyStopping counter: 8 out of 15
2024-02-02 17:25:16,530 - {'epoch': 17, 'train_loss': '0.3597'}
2024-02-02 17:25:17,401 - Validation score increased.  Saving model ...
2024-02-02 17:25:20,380 - {'epoch': 18, 'train_loss': '0.3519'}
2024-02-02 17:25:21,032 - EarlyStopping counter: 1 out of 15
2024-02-02 17:25:23,979 - {'epoch': 19, 'train_loss': '0.3552'}
2024-02-02 17:25:24,596 - EarlyStopping counter: 2 out of 15
2024-02-02 17:25:27,571 - {'epoch': 20, 'train_loss': '0.3611'}
2024-02-02 17:25:28,196 - EarlyStopping counter: 3 out of 15
2024-02-02 17:25:31,087 - {'epoch': 21, 'train_loss': '0.3564'}
2024-02-02 17:25:31,837 - EarlyStopping counter: 4 out of 15
2024-02-02 17:25:34,722 - {'epoch': 22, 'train_loss': '0.3552'}
2024-02-02 17:25:35,470 - EarlyStopping counter: 5 out of 15
2024-02-02 17:25:38,359 - {'epoch': 23, 'train_loss': '0.3541'}
2024-02-02 17:25:39,126 - EarlyStopping counter: 6 out of 15
2024-02-02 17:25:42,009 - {'epoch': 24, 'train_loss': '0.3580'}
2024-02-02 17:25:42,798 - EarlyStopping counter: 7 out of 15
2024-02-02 17:25:45,993 - {'epoch': 25, 'train_loss': '0.3533'}
2024-02-02 17:25:46,832 - EarlyStopping counter: 8 out of 15
2024-02-02 17:25:50,155 - {'epoch': 26, 'train_loss': '0.3544'}
2024-02-02 17:25:50,956 - EarlyStopping counter: 9 out of 15
2024-02-02 17:25:54,209 - {'epoch': 27, 'train_loss': '0.3534'}
2024-02-02 17:25:54,855 - EarlyStopping counter: 10 out of 15
2024-02-02 17:25:57,824 - {'epoch': 28, 'train_loss': '0.3583'}
2024-02-02 17:25:58,459 - EarlyStopping counter: 11 out of 15
2024-02-02 17:26:01,344 - {'epoch': 29, 'train_loss': '0.3549'}
2024-02-02 17:26:02,115 - EarlyStopping counter: 12 out of 15
2024-02-02 17:26:05,043 - {'epoch': 30, 'train_loss': '0.3501'}
2024-02-02 17:26:05,823 - EarlyStopping counter: 13 out of 15
2024-02-02 17:26:08,739 - {'epoch': 31, 'train_loss': '0.3563'}
2024-02-02 17:26:09,505 - EarlyStopping counter: 14 out of 15
2024-02-02 17:26:12,433 - {'epoch': 32, 'train_loss': '0.3529'}
2024-02-02 17:26:13,228 - EarlyStopping counter: 15 out of 15
2024-02-02 17:26:13,229 - Early stopping
2024-02-02 17:26:13,252 - Load best pretrained model from ./output/income_best_finetune.pt
2024-02-02 17:26:13,255 - Load best mlp model from ./output/income_best_mlp.pt
2024-02-02 17:26:14,875 - Test Result = Accuracy: [0.8312084993359894], ROC_AUC: [0.8817182503806623]
2024-02-02 17:31:46,457 - Namespace(dataset='income', task='binary', output_dir='./output', log_name='income_best', seed=0, device='cuda', gpu_id='0', epoch=10000, weight_decay=0.001, learning_rate=0.001, batch_size=1024, early_stopping_rounds=15, K=5, polynomial='chebyshev', dim=32, depth=6, n_heads=2, hidden_mlp=128, attn_dropout=0.1, ff_dropout=0.1, categ_loss_ratio=0.1, log_path='./output/income_best.log', pretrain_checkpoint_path='./output/income_best_pretrain.pt', finetune_checkpoint_path='./output/income_best_finetune.pt', mlp_checkpoint_path='./output/income_best_mlp.pt')
2024-02-02 17:31:55,595 - TabTransformer_TabPSA(
  (categ_embed): Embedding(100, 32)
  (norm): LayerNorm((6,), eps=1e-05, elementwise_affine=True)
  (transformer): PolyTransformer(
    (layers): ModuleList(
      (0-5): 6 x ModuleList(
        (0): PreNorm(
          (norm): LayerNorm((32,), eps=1e-05, elementwise_affine=True)
          (fn): PolyAttention(
            (to_qkv): Linear(in_features=32, out_features=96, bias=False)
            (to_out): Linear(in_features=32, out_features=32, bias=True)
            (dropout): Dropout(p=0.1, inplace=False)
            (chebnet): PolyConvFrame(
              (thetas): ParameterList(
                  (0): Parameter containing: [torch.float32 of size  (GPU 0)]
                  (1): Parameter containing: [torch.float32 of size  (GPU 0)]
                  (2): Parameter containing: [torch.float32 of size  (GPU 0)]
                  (3): Parameter containing: [torch.float32 of size  (GPU 0)]
                  (4): Parameter containing: [torch.float32 of size  (GPU 0)]
                  (5): Parameter containing: [torch.float32 of size  (GPU 0)]
              )
            )
          )
        )
        (1): PreNorm(
          (norm): LayerNorm((32,), eps=1e-05, elementwise_affine=True)
          (fn): FeedForward(
            (net): Sequential(
              (0): Linear(in_features=32, out_features=256, bias=True)
              (1): GEGLU()
              (2): Dropout(p=0.1, inplace=False)
              (3): Linear(in_features=128, out_features=32, bias=True)
            )
          )
        )
      )
    )
  )
  (mlp): MLP(
    (mlp): Sequential(
      (0): Linear(in_features=262, out_features=128, bias=True)
      (1): SELU()
      (2): Linear(in_features=128, out_features=64, bias=True)
      (3): SELU()
      (4): Linear(in_features=64, out_features=104, bias=True)
    )
  )
)
2024-02-02 17:31:55,599 - # params of pretrained model: 152920

2024-02-02 17:32:03,901 - {'epoch': 0, 'train_loss': '1.5002'}
2024-02-02 17:32:04,608 - Validation score increased.  Saving model ...
2024-02-02 17:32:08,419 - {'epoch': 1, 'train_loss': '1.0246'}
2024-02-02 17:32:09,075 - Validation score increased.  Saving model ...
2024-02-02 17:32:12,487 - {'epoch': 2, 'train_loss': '0.9524'}
2024-02-02 17:32:13,148 - Validation score increased.  Saving model ...
2024-02-02 17:32:16,215 - {'epoch': 3, 'train_loss': '0.9182'}
2024-02-02 17:32:16,895 - Validation score increased.  Saving model ...
2024-02-02 17:32:19,795 - {'epoch': 4, 'train_loss': '0.8978'}
2024-02-02 17:32:20,488 - Validation score increased.  Saving model ...
2024-02-02 17:32:23,513 - {'epoch': 5, 'train_loss': '0.8841'}
2024-02-02 17:32:24,176 - Validation score increased.  Saving model ...
2024-02-02 17:32:27,403 - {'epoch': 6, 'train_loss': '0.8745'}
2024-02-02 17:32:28,056 - EarlyStopping counter: 1 out of 15
2024-02-02 17:32:30,982 - {'epoch': 7, 'train_loss': '0.8653'}
2024-02-02 17:32:31,632 - Validation score increased.  Saving model ...
2024-02-02 17:32:34,682 - {'epoch': 8, 'train_loss': '0.8573'}
2024-02-02 17:32:35,330 - Validation score increased.  Saving model ...
2024-02-02 17:32:38,183 - {'epoch': 9, 'train_loss': '0.8544'}
2024-02-02 17:32:38,876 - EarlyStopping counter: 1 out of 15
2024-02-02 17:32:41,880 - {'epoch': 10, 'train_loss': '0.8564'}
2024-02-02 17:32:42,545 - Validation score increased.  Saving model ...
2024-02-02 17:32:45,596 - {'epoch': 11, 'train_loss': '0.8531'}
2024-02-02 17:32:46,245 - Validation score increased.  Saving model ...
2024-02-02 17:32:49,771 - {'epoch': 12, 'train_loss': '0.8429'}
2024-02-02 17:32:50,886 - EarlyStopping counter: 1 out of 15
2024-02-02 17:32:53,701 - {'epoch': 13, 'train_loss': '0.8427'}
2024-02-02 17:32:54,402 - EarlyStopping counter: 2 out of 15
2024-02-02 17:32:57,235 - {'epoch': 14, 'train_loss': '0.8475'}
2024-02-02 17:32:57,926 - EarlyStopping counter: 3 out of 15
2024-02-02 17:33:00,882 - {'epoch': 15, 'train_loss': '0.8388'}
2024-02-02 17:33:01,559 - EarlyStopping counter: 4 out of 15
2024-02-02 17:33:04,522 - {'epoch': 16, 'train_loss': '0.8381'}
2024-02-02 17:33:05,174 - Validation score increased.  Saving model ...
2024-02-02 17:33:08,213 - {'epoch': 17, 'train_loss': '0.8322'}
2024-02-02 17:33:08,866 - EarlyStopping counter: 1 out of 15
2024-02-02 17:33:11,815 - {'epoch': 18, 'train_loss': '0.8336'}
2024-02-02 17:33:12,484 - Validation score increased.  Saving model ...
2024-02-02 17:33:15,508 - {'epoch': 19, 'train_loss': '0.8322'}
2024-02-02 17:33:16,164 - EarlyStopping counter: 1 out of 15
2024-02-02 17:33:18,933 - {'epoch': 20, 'train_loss': '0.8275'}
2024-02-02 17:33:19,596 - Validation score increased.  Saving model ...
2024-02-02 17:33:22,675 - {'epoch': 21, 'train_loss': '0.8290'}
2024-02-02 17:33:23,331 - Validation score increased.  Saving model ...
2024-02-02 17:33:26,408 - {'epoch': 22, 'train_loss': '0.8329'}
2024-02-02 17:33:27,058 - Validation score increased.  Saving model ...
2024-02-02 17:33:30,535 - {'epoch': 23, 'train_loss': '0.8307'}
2024-02-02 17:33:31,208 - EarlyStopping counter: 1 out of 15
2024-02-02 17:33:34,387 - {'epoch': 24, 'train_loss': '0.8262'}
2024-02-02 17:33:35,063 - EarlyStopping counter: 2 out of 15
2024-02-02 17:33:38,031 - {'epoch': 25, 'train_loss': '0.8249'}
2024-02-02 17:33:38,680 - EarlyStopping counter: 3 out of 15
2024-02-02 17:33:41,488 - {'epoch': 26, 'train_loss': '0.8274'}
2024-02-02 17:33:42,148 - EarlyStopping counter: 4 out of 15
2024-02-02 17:33:44,994 - {'epoch': 27, 'train_loss': '0.8289'}
2024-02-02 17:33:45,648 - EarlyStopping counter: 5 out of 15
2024-02-02 17:33:48,679 - {'epoch': 28, 'train_loss': '0.8243'}
2024-02-02 17:33:49,343 - EarlyStopping counter: 6 out of 15
2024-02-02 17:33:52,278 - {'epoch': 29, 'train_loss': '0.8219'}
2024-02-02 17:33:52,943 - EarlyStopping counter: 7 out of 15
2024-02-02 17:33:55,924 - {'epoch': 30, 'train_loss': '0.8242'}
2024-02-02 17:33:56,715 - EarlyStopping counter: 8 out of 15
2024-02-02 17:33:59,698 - {'epoch': 31, 'train_loss': '0.8233'}
2024-02-02 17:34:00,357 - EarlyStopping counter: 9 out of 15
2024-02-02 17:34:03,315 - {'epoch': 32, 'train_loss': '0.8152'}
2024-02-02 17:34:03,966 - EarlyStopping counter: 10 out of 15
2024-02-02 17:34:06,883 - {'epoch': 33, 'train_loss': '0.8138'}
2024-02-02 17:34:07,530 - Validation score increased.  Saving model ...
2024-02-02 17:34:10,448 - {'epoch': 34, 'train_loss': '0.8194'}
2024-02-02 17:34:11,140 - EarlyStopping counter: 1 out of 15
2024-02-02 17:34:14,128 - {'epoch': 35, 'train_loss': '0.8247'}
2024-02-02 17:34:14,791 - Validation score increased.  Saving model ...
2024-02-02 17:34:17,815 - {'epoch': 36, 'train_loss': '0.8176'}
2024-02-02 17:34:18,455 - Validation score increased.  Saving model ...
2024-02-02 17:34:22,136 - {'epoch': 37, 'train_loss': '0.8186'}
2024-02-02 17:34:22,813 - EarlyStopping counter: 1 out of 15
2024-02-02 17:34:25,728 - {'epoch': 38, 'train_loss': '0.8226'}
2024-02-02 17:34:26,378 - Validation score increased.  Saving model ...
2024-02-02 17:34:29,402 - {'epoch': 39, 'train_loss': '0.8220'}
2024-02-02 17:34:30,074 - EarlyStopping counter: 1 out of 15
2024-02-02 17:34:32,938 - {'epoch': 40, 'train_loss': '0.8234'}
2024-02-02 17:34:33,707 - EarlyStopping counter: 2 out of 15
2024-02-02 17:34:36,735 - {'epoch': 41, 'train_loss': '0.8183'}
2024-02-02 17:34:37,418 - EarlyStopping counter: 3 out of 15
2024-02-02 17:34:40,453 - {'epoch': 42, 'train_loss': '0.8218'}
2024-02-02 17:34:41,130 - EarlyStopping counter: 4 out of 15
2024-02-02 17:34:44,105 - {'epoch': 43, 'train_loss': '0.8122'}
2024-02-02 17:34:44,780 - EarlyStopping counter: 5 out of 15
2024-02-02 17:34:47,744 - {'epoch': 44, 'train_loss': '0.8105'}
2024-02-02 17:34:48,397 - EarlyStopping counter: 6 out of 15
2024-02-02 17:34:51,306 - {'epoch': 45, 'train_loss': '0.8182'}
2024-02-02 17:34:51,986 - Validation score increased.  Saving model ...
2024-02-02 17:34:55,020 - {'epoch': 46, 'train_loss': '0.8194'}
2024-02-02 17:34:55,777 - EarlyStopping counter: 1 out of 15
2024-02-02 17:34:58,690 - {'epoch': 47, 'train_loss': '0.8142'}
2024-02-02 17:34:59,447 - EarlyStopping counter: 2 out of 15
2024-02-02 17:35:02,359 - {'epoch': 48, 'train_loss': '0.8123'}
2024-02-02 17:35:02,987 - Validation score increased.  Saving model ...
2024-02-02 17:35:05,960 - {'epoch': 49, 'train_loss': '0.8174'}
2024-02-02 17:35:06,607 - Validation score increased.  Saving model ...
2024-02-02 17:35:09,613 - {'epoch': 50, 'train_loss': '0.8179'}
2024-02-02 17:35:10,259 - EarlyStopping counter: 1 out of 15
2024-02-02 17:35:13,140 - {'epoch': 51, 'train_loss': '0.8235'}
2024-02-02 17:35:13,814 - EarlyStopping counter: 2 out of 15
2024-02-02 17:35:16,758 - {'epoch': 52, 'train_loss': '0.8194'}
2024-02-02 17:35:17,522 - EarlyStopping counter: 3 out of 15
2024-02-02 17:35:20,477 - {'epoch': 53, 'train_loss': '0.8156'}
2024-02-02 17:35:21,116 - Validation score increased.  Saving model ...
2024-02-02 17:35:24,223 - {'epoch': 54, 'train_loss': '0.8172'}
2024-02-02 17:35:24,902 - EarlyStopping counter: 1 out of 15
2024-02-02 17:35:27,853 - {'epoch': 55, 'train_loss': '0.8158'}
2024-02-02 17:35:28,515 - EarlyStopping counter: 2 out of 15
2024-02-02 17:35:31,501 - {'epoch': 56, 'train_loss': '0.8139'}
2024-02-02 17:35:32,174 - EarlyStopping counter: 3 out of 15
2024-02-02 17:35:35,120 - {'epoch': 57, 'train_loss': '0.8139'}
2024-02-02 17:35:35,759 - EarlyStopping counter: 4 out of 15
2024-02-02 17:35:38,707 - {'epoch': 58, 'train_loss': '0.8177'}
2024-02-02 17:35:39,373 - EarlyStopping counter: 5 out of 15
2024-02-02 17:35:42,302 - {'epoch': 59, 'train_loss': '0.8136'}
2024-02-02 17:35:43,078 - EarlyStopping counter: 6 out of 15
2024-02-02 17:35:46,495 - {'epoch': 60, 'train_loss': '0.8147'}
2024-02-02 17:35:47,282 - EarlyStopping counter: 7 out of 15
2024-02-02 17:35:50,216 - {'epoch': 61, 'train_loss': '0.8105'}
2024-02-02 17:35:50,860 - EarlyStopping counter: 8 out of 15
2024-02-02 17:35:53,840 - {'epoch': 62, 'train_loss': '0.8154'}
2024-02-02 17:35:54,504 - Validation score increased.  Saving model ...
2024-02-02 17:35:58,242 - {'epoch': 63, 'train_loss': '0.8259'}
2024-02-02 17:36:01,770 - EarlyStopping counter: 1 out of 15
2024-02-02 17:36:05,108 - {'epoch': 64, 'train_loss': '0.8179'}
2024-02-02 17:36:05,993 - EarlyStopping counter: 2 out of 15
2024-02-02 17:36:09,022 - {'epoch': 65, 'train_loss': '0.8147'}
2024-02-02 17:36:09,903 - EarlyStopping counter: 3 out of 15
2024-02-02 17:36:12,826 - {'epoch': 66, 'train_loss': '0.8162'}
2024-02-02 17:36:13,477 - EarlyStopping counter: 4 out of 15
2024-02-02 17:36:16,469 - {'epoch': 67, 'train_loss': '0.8223'}
2024-02-02 17:36:17,912 - EarlyStopping counter: 5 out of 15
2024-02-02 17:36:20,842 - {'epoch': 68, 'train_loss': '0.8143'}
2024-02-02 17:36:21,635 - EarlyStopping counter: 6 out of 15
2024-02-02 17:36:24,587 - {'epoch': 69, 'train_loss': '0.8148'}
2024-02-02 17:36:25,409 - EarlyStopping counter: 7 out of 15
2024-02-02 17:36:28,385 - {'epoch': 70, 'train_loss': '0.8103'}
2024-02-02 17:36:29,063 - EarlyStopping counter: 8 out of 15
2024-02-02 17:36:32,034 - {'epoch': 71, 'train_loss': '0.8134'}
2024-02-02 17:36:32,699 - EarlyStopping counter: 9 out of 15
2024-02-02 17:36:35,738 - {'epoch': 72, 'train_loss': '0.8167'}
2024-02-02 17:36:36,412 - EarlyStopping counter: 10 out of 15
2024-02-02 17:36:39,397 - {'epoch': 73, 'train_loss': '0.8133'}
2024-02-02 17:36:40,080 - EarlyStopping counter: 11 out of 15
2024-02-02 17:36:43,091 - {'epoch': 74, 'train_loss': '0.8108'}
2024-02-02 17:36:43,750 - EarlyStopping counter: 12 out of 15
2024-02-02 17:36:46,655 - {'epoch': 75, 'train_loss': '0.8145'}
2024-02-02 17:36:47,302 - EarlyStopping counter: 13 out of 15
2024-02-02 17:36:50,258 - {'epoch': 76, 'train_loss': '0.8126'}
2024-02-02 17:36:51,031 - EarlyStopping counter: 14 out of 15
2024-02-02 17:36:54,126 - {'epoch': 77, 'train_loss': '0.8210'}
2024-02-02 17:36:55,206 - EarlyStopping counter: 15 out of 15
2024-02-02 17:36:55,206 - Early stopping
2024-02-02 17:36:57,805 - MLP(
  (mlp): Sequential(
    (0): Linear(in_features=262, out_features=128, bias=True)
    (1): SELU()
    (2): Linear(in_features=128, out_features=128, bias=True)
    (3): SELU()
    (4): Linear(in_features=128, out_features=2, bias=True)
  )
)
2024-02-02 17:36:57,805 - # params of mlp model: 50434

2024-02-02 17:36:57,819 - Load best pretrained model from ./output/income_best_pretrain.pt
2024-02-02 17:36:57,819 - 
Start finetuning mlp model
2024-02-02 17:37:00,749 - {'epoch': 0, 'train_loss': '0.4673'}
2024-02-02 17:37:01,410 - Validation score increased.  Saving model ...
2024-02-02 17:37:04,488 - {'epoch': 1, 'train_loss': '0.3873'}
2024-02-02 17:37:05,116 - Validation score increased.  Saving model ...
2024-02-02 17:37:08,166 - {'epoch': 2, 'train_loss': '0.3733'}
2024-02-02 17:37:08,955 - Validation score increased.  Saving model ...
2024-02-02 17:37:11,956 - {'epoch': 3, 'train_loss': '0.3678'}
2024-02-02 17:37:12,721 - Validation score increased.  Saving model ...
2024-02-02 17:37:15,744 - {'epoch': 4, 'train_loss': '0.3633'}
2024-02-02 17:37:16,468 - EarlyStopping counter: 1 out of 15
2024-02-02 17:37:19,422 - {'epoch': 5, 'train_loss': '0.3646'}
2024-02-02 17:37:20,203 - Validation score increased.  Saving model ...
2024-02-02 17:37:23,327 - {'epoch': 6, 'train_loss': '0.3644'}
2024-02-02 17:37:23,983 - Validation score increased.  Saving model ...
2024-02-02 17:37:27,232 - {'epoch': 7, 'train_loss': '0.3614'}
2024-02-02 17:37:28,241 - EarlyStopping counter: 1 out of 15
2024-02-02 17:37:31,211 - {'epoch': 8, 'train_loss': '0.3595'}
2024-02-02 17:37:31,960 - Validation score increased.  Saving model ...
2024-02-02 17:37:35,072 - {'epoch': 9, 'train_loss': '0.3608'}
2024-02-02 17:37:35,953 - Validation score increased.  Saving model ...
2024-02-02 17:37:39,041 - {'epoch': 10, 'train_loss': '0.3592'}
2024-02-02 17:37:39,825 - EarlyStopping counter: 1 out of 15
2024-02-02 17:37:43,379 - {'epoch': 11, 'train_loss': '0.3607'}
2024-02-02 17:37:44,152 - Validation score increased.  Saving model ...
2024-02-02 17:37:47,243 - {'epoch': 12, 'train_loss': '0.3591'}
2024-02-02 17:37:47,883 - EarlyStopping counter: 1 out of 15
2024-02-02 17:37:50,776 - {'epoch': 13, 'train_loss': '0.3576'}
2024-02-02 17:37:51,411 - Validation score increased.  Saving model ...
2024-02-02 17:37:54,496 - {'epoch': 14, 'train_loss': '0.3546'}
2024-02-02 17:37:55,288 - EarlyStopping counter: 1 out of 15
2024-02-02 17:37:58,587 - {'epoch': 15, 'train_loss': '0.3596'}
2024-02-02 17:37:59,379 - EarlyStopping counter: 2 out of 15
2024-02-02 17:38:02,333 - {'epoch': 16, 'train_loss': '0.3614'}
2024-02-02 17:38:03,097 - EarlyStopping counter: 3 out of 15
2024-02-02 17:38:05,985 - {'epoch': 17, 'train_loss': '0.3566'}
2024-02-02 17:38:06,849 - EarlyStopping counter: 4 out of 15
2024-02-02 17:38:09,758 - {'epoch': 18, 'train_loss': '0.3576'}
2024-02-02 17:38:10,530 - EarlyStopping counter: 5 out of 15
2024-02-02 17:38:13,445 - {'epoch': 19, 'train_loss': '0.3543'}
2024-02-02 17:38:14,218 - EarlyStopping counter: 6 out of 15
2024-02-02 17:38:17,181 - {'epoch': 20, 'train_loss': '0.3537'}
2024-02-02 17:38:17,961 - EarlyStopping counter: 7 out of 15
2024-02-02 17:38:20,973 - {'epoch': 21, 'train_loss': '0.3579'}
2024-02-02 17:38:21,740 - EarlyStopping counter: 8 out of 15
2024-02-02 17:38:24,648 - {'epoch': 22, 'train_loss': '0.3532'}
2024-02-02 17:38:25,422 - Validation score increased.  Saving model ...
2024-02-02 17:38:28,476 - {'epoch': 23, 'train_loss': '0.3592'}
2024-02-02 17:38:29,139 - EarlyStopping counter: 1 out of 15
2024-02-02 17:38:32,092 - {'epoch': 24, 'train_loss': '0.3528'}
2024-02-02 17:38:32,713 - EarlyStopping counter: 2 out of 15
2024-02-02 17:38:35,624 - {'epoch': 25, 'train_loss': '0.3556'}
2024-02-02 17:38:36,368 - Validation score increased.  Saving model ...
2024-02-02 17:38:39,306 - {'epoch': 26, 'train_loss': '0.3558'}
2024-02-02 17:38:40,082 - EarlyStopping counter: 1 out of 15
2024-02-02 17:38:43,010 - {'epoch': 27, 'train_loss': '0.3536'}
2024-02-02 17:38:44,246 - EarlyStopping counter: 2 out of 15
2024-02-02 17:38:47,157 - {'epoch': 28, 'train_loss': '0.3550'}
2024-02-02 17:38:47,913 - EarlyStopping counter: 3 out of 15
2024-02-02 17:38:50,833 - {'epoch': 29, 'train_loss': '0.3533'}
2024-02-02 17:38:51,704 - EarlyStopping counter: 4 out of 15
2024-02-02 17:38:54,660 - {'epoch': 30, 'train_loss': '0.3566'}
2024-02-02 17:38:55,312 - EarlyStopping counter: 5 out of 15
2024-02-02 17:38:58,262 - {'epoch': 31, 'train_loss': '0.3505'}
2024-02-02 17:38:58,908 - EarlyStopping counter: 6 out of 15
2024-02-02 17:39:01,984 - {'epoch': 32, 'train_loss': '0.3580'}
2024-02-02 17:39:02,725 - EarlyStopping counter: 7 out of 15
2024-02-02 17:39:06,154 - {'epoch': 33, 'train_loss': '0.3545'}
2024-02-02 17:39:06,932 - EarlyStopping counter: 8 out of 15
2024-02-02 17:39:09,876 - {'epoch': 34, 'train_loss': '0.3523'}
2024-02-02 17:39:10,792 - EarlyStopping counter: 9 out of 15
2024-02-02 17:39:13,835 - {'epoch': 35, 'train_loss': '0.3543'}
2024-02-02 17:39:14,707 - EarlyStopping counter: 10 out of 15
2024-02-02 17:39:17,643 - {'epoch': 36, 'train_loss': '0.3574'}
2024-02-02 17:39:18,415 - EarlyStopping counter: 11 out of 15
2024-02-02 17:39:21,354 - {'epoch': 37, 'train_loss': '0.3550'}
2024-02-02 17:39:22,148 - EarlyStopping counter: 12 out of 15
2024-02-02 17:39:25,105 - {'epoch': 38, 'train_loss': '0.3540'}
2024-02-02 17:39:25,891 - EarlyStopping counter: 13 out of 15
2024-02-02 17:39:28,807 - {'epoch': 39, 'train_loss': '0.3572'}
2024-02-02 17:39:29,609 - Validation score increased.  Saving model ...
2024-02-02 17:39:32,682 - {'epoch': 40, 'train_loss': '0.3516'}
2024-02-02 17:39:33,444 - EarlyStopping counter: 1 out of 15
2024-02-02 17:39:36,359 - {'epoch': 41, 'train_loss': '0.3509'}
2024-02-02 17:39:37,116 - EarlyStopping counter: 2 out of 15
2024-02-02 17:39:40,007 - {'epoch': 42, 'train_loss': '0.3543'}
2024-02-02 17:39:40,639 - EarlyStopping counter: 3 out of 15
2024-02-02 17:39:43,546 - {'epoch': 43, 'train_loss': '0.3492'}
2024-02-02 17:39:44,296 - EarlyStopping counter: 4 out of 15
2024-02-02 17:39:47,186 - {'epoch': 44, 'train_loss': '0.3517'}
2024-02-02 17:39:48,115 - EarlyStopping counter: 5 out of 15
2024-02-02 17:39:51,030 - {'epoch': 45, 'train_loss': '0.3518'}
2024-02-02 17:39:51,800 - EarlyStopping counter: 6 out of 15
2024-02-02 17:39:54,756 - {'epoch': 46, 'train_loss': '0.3585'}
2024-02-02 17:39:55,774 - EarlyStopping counter: 7 out of 15
2024-02-02 17:39:58,718 - {'epoch': 47, 'train_loss': '0.3527'}
2024-02-02 17:39:59,512 - EarlyStopping counter: 8 out of 15
2024-02-02 17:40:02,508 - {'epoch': 48, 'train_loss': '0.3468'}
2024-02-02 17:40:03,283 - EarlyStopping counter: 9 out of 15
2024-02-02 17:40:06,580 - {'epoch': 49, 'train_loss': '0.3557'}
2024-02-02 17:40:07,859 - EarlyStopping counter: 10 out of 15
2024-02-02 17:40:10,798 - {'epoch': 50, 'train_loss': '0.3484'}
2024-02-02 17:40:11,761 - Validation score increased.  Saving model ...
2024-02-02 17:40:14,815 - {'epoch': 51, 'train_loss': '0.3523'}
2024-02-02 17:40:15,562 - EarlyStopping counter: 1 out of 15
2024-02-02 17:40:18,507 - {'epoch': 52, 'train_loss': '0.3552'}
2024-02-02 17:40:19,273 - EarlyStopping counter: 2 out of 15
2024-02-02 17:40:22,188 - {'epoch': 53, 'train_loss': '0.3516'}
2024-02-02 17:40:23,170 - EarlyStopping counter: 3 out of 15
2024-02-02 17:40:26,088 - {'epoch': 54, 'train_loss': '0.3501'}
2024-02-02 17:40:26,869 - EarlyStopping counter: 4 out of 15
2024-02-02 17:40:29,807 - {'epoch': 55, 'train_loss': '0.3515'}
2024-02-02 17:40:30,614 - EarlyStopping counter: 5 out of 15
2024-02-02 17:40:33,640 - {'epoch': 56, 'train_loss': '0.3512'}
2024-02-02 17:40:34,413 - EarlyStopping counter: 6 out of 15
2024-02-02 17:40:37,330 - {'epoch': 57, 'train_loss': '0.3502'}
2024-02-02 17:40:38,105 - EarlyStopping counter: 7 out of 15
2024-02-02 17:40:41,036 - {'epoch': 58, 'train_loss': '0.3436'}
2024-02-02 17:40:41,977 - EarlyStopping counter: 8 out of 15
2024-02-02 17:40:44,926 - {'epoch': 59, 'train_loss': '0.3485'}
2024-02-02 17:40:45,684 - EarlyStopping counter: 9 out of 15
2024-02-02 17:40:48,639 - {'epoch': 60, 'train_loss': '0.3479'}
2024-02-02 17:40:49,432 - EarlyStopping counter: 10 out of 15
2024-02-02 17:40:52,330 - {'epoch': 61, 'train_loss': '0.3462'}
2024-02-02 17:40:53,117 - EarlyStopping counter: 11 out of 15
2024-02-02 17:40:56,072 - {'epoch': 62, 'train_loss': '0.3475'}
2024-02-02 17:40:56,853 - Validation score increased.  Saving model ...
2024-02-02 17:40:59,920 - {'epoch': 63, 'train_loss': '0.3449'}
2024-02-02 17:41:00,741 - Validation score increased.  Saving model ...
2024-02-02 17:41:03,708 - {'epoch': 64, 'train_loss': '0.3482'}
2024-02-02 17:41:04,468 - EarlyStopping counter: 1 out of 15
2024-02-02 17:41:07,384 - {'epoch': 65, 'train_loss': '0.3508'}
2024-02-02 17:41:08,157 - Validation score increased.  Saving model ...
2024-02-02 17:41:11,283 - {'epoch': 66, 'train_loss': '0.3483'}
2024-02-02 17:41:12,081 - EarlyStopping counter: 1 out of 15
2024-02-02 17:41:15,037 - {'epoch': 67, 'train_loss': '0.3471'}
2024-02-02 17:41:15,815 - EarlyStopping counter: 2 out of 15
2024-02-02 17:41:18,741 - {'epoch': 68, 'train_loss': '0.3447'}
2024-02-02 17:41:19,501 - EarlyStopping counter: 3 out of 15
2024-02-02 17:41:22,439 - {'epoch': 69, 'train_loss': '0.3491'}
2024-02-02 17:41:23,199 - EarlyStopping counter: 4 out of 15
2024-02-02 17:41:26,583 - {'epoch': 70, 'train_loss': '0.3427'}
2024-02-02 17:41:27,559 - EarlyStopping counter: 5 out of 15
2024-02-02 17:41:30,478 - {'epoch': 71, 'train_loss': '0.3496'}
2024-02-02 17:41:31,668 - EarlyStopping counter: 6 out of 15
2024-02-02 17:41:34,581 - {'epoch': 72, 'train_loss': '0.3479'}
2024-02-02 17:41:35,347 - EarlyStopping counter: 7 out of 15
2024-02-02 17:41:38,207 - {'epoch': 73, 'train_loss': '0.3453'}
2024-02-02 17:41:38,979 - EarlyStopping counter: 8 out of 15
2024-02-02 17:41:41,881 - {'epoch': 74, 'train_loss': '0.3438'}
2024-02-02 17:41:42,797 - EarlyStopping counter: 9 out of 15
2024-02-02 17:41:45,705 - {'epoch': 75, 'train_loss': '0.3495'}
2024-02-02 17:41:46,470 - EarlyStopping counter: 10 out of 15
2024-02-02 17:41:49,393 - {'epoch': 76, 'train_loss': '0.3453'}
2024-02-02 17:41:50,197 - EarlyStopping counter: 11 out of 15
2024-02-02 17:41:53,497 - {'epoch': 77, 'train_loss': '0.3489'}
2024-02-02 17:41:54,905 - EarlyStopping counter: 12 out of 15
2024-02-02 17:41:58,411 - {'epoch': 78, 'train_loss': '0.3465'}
2024-02-02 17:41:59,520 - EarlyStopping counter: 13 out of 15
2024-02-02 17:42:02,378 - {'epoch': 79, 'train_loss': '0.3434'}
2024-02-02 17:42:03,105 - EarlyStopping counter: 14 out of 15
2024-02-02 17:42:05,865 - {'epoch': 80, 'train_loss': '0.3426'}
2024-02-02 17:42:06,515 - Validation score increased.  Saving model ...
2024-02-02 17:42:09,819 - {'epoch': 81, 'train_loss': '0.3450'}
2024-02-02 17:42:11,347 - EarlyStopping counter: 1 out of 15
2024-02-02 17:42:14,146 - {'epoch': 82, 'train_loss': '0.3400'}
2024-02-02 17:42:14,802 - EarlyStopping counter: 2 out of 15
2024-02-02 17:42:17,588 - {'epoch': 83, 'train_loss': '0.3428'}
2024-02-02 17:42:18,243 - EarlyStopping counter: 3 out of 15
2024-02-02 17:42:21,062 - {'epoch': 84, 'train_loss': '0.3413'}
2024-02-02 17:42:21,696 - EarlyStopping counter: 4 out of 15
2024-02-02 17:42:24,514 - {'epoch': 85, 'train_loss': '0.3419'}
2024-02-02 17:42:25,169 - EarlyStopping counter: 5 out of 15
2024-02-02 17:42:27,975 - {'epoch': 86, 'train_loss': '0.3432'}
2024-02-02 17:42:28,612 - EarlyStopping counter: 6 out of 15
2024-02-02 17:42:31,405 - {'epoch': 87, 'train_loss': '0.3456'}
2024-02-02 17:42:32,043 - EarlyStopping counter: 7 out of 15
2024-02-02 17:42:34,863 - {'epoch': 88, 'train_loss': '0.3398'}
2024-02-02 17:42:35,516 - Validation score increased.  Saving model ...
2024-02-02 17:42:38,437 - {'epoch': 89, 'train_loss': '0.3417'}
2024-02-02 17:42:39,091 - EarlyStopping counter: 1 out of 15
2024-02-02 17:42:41,891 - {'epoch': 90, 'train_loss': '0.3412'}
2024-02-02 17:42:42,540 - EarlyStopping counter: 2 out of 15
2024-02-02 17:42:45,343 - {'epoch': 91, 'train_loss': '0.3402'}
2024-02-02 17:42:46,006 - EarlyStopping counter: 3 out of 15
2024-02-02 17:42:48,811 - {'epoch': 92, 'train_loss': '0.3428'}
2024-02-02 17:42:49,471 - EarlyStopping counter: 4 out of 15
2024-02-02 17:42:52,274 - {'epoch': 93, 'train_loss': '0.3477'}
2024-02-02 17:42:52,912 - EarlyStopping counter: 5 out of 15
2024-02-02 17:42:55,747 - {'epoch': 94, 'train_loss': '0.3414'}
2024-02-02 17:42:56,403 - EarlyStopping counter: 6 out of 15
2024-02-02 17:42:59,189 - {'epoch': 95, 'train_loss': '0.3447'}
2024-02-02 17:42:59,859 - EarlyStopping counter: 7 out of 15
2024-02-02 17:43:02,611 - {'epoch': 96, 'train_loss': '0.3382'}
2024-02-02 17:43:03,358 - EarlyStopping counter: 8 out of 15
2024-02-02 17:43:06,186 - {'epoch': 97, 'train_loss': '0.3424'}
2024-02-02 17:43:06,823 - EarlyStopping counter: 9 out of 15
2024-02-02 17:43:09,604 - {'epoch': 98, 'train_loss': '0.3400'}
2024-02-02 17:43:10,270 - Validation score increased.  Saving model ...
2024-02-02 17:43:13,119 - {'epoch': 99, 'train_loss': '0.3466'}
2024-02-02 17:43:13,763 - EarlyStopping counter: 1 out of 15
2024-02-02 17:43:16,561 - {'epoch': 100, 'train_loss': '0.3411'}
2024-02-02 17:43:17,204 - EarlyStopping counter: 2 out of 15
2024-02-02 17:43:19,985 - {'epoch': 101, 'train_loss': '0.3401'}
2024-02-02 17:43:20,648 - EarlyStopping counter: 3 out of 15
2024-02-02 17:43:23,434 - {'epoch': 102, 'train_loss': '0.3425'}
2024-02-02 17:43:24,076 - EarlyStopping counter: 4 out of 15
2024-02-02 17:43:26,882 - {'epoch': 103, 'train_loss': '0.3399'}
2024-02-02 17:43:27,542 - EarlyStopping counter: 5 out of 15
2024-02-02 17:43:30,366 - {'epoch': 104, 'train_loss': '0.3443'}
2024-02-02 17:43:30,997 - EarlyStopping counter: 6 out of 15
2024-02-02 17:43:33,779 - {'epoch': 105, 'train_loss': '0.3444'}
2024-02-02 17:43:34,424 - EarlyStopping counter: 7 out of 15
2024-02-02 17:43:37,190 - {'epoch': 106, 'train_loss': '0.3410'}
2024-02-02 17:43:37,840 - Validation score increased.  Saving model ...
2024-02-02 17:43:40,720 - {'epoch': 107, 'train_loss': '0.3381'}
2024-02-02 17:43:41,363 - Validation score increased.  Saving model ...
2024-02-02 17:43:44,204 - {'epoch': 108, 'train_loss': '0.3386'}
2024-02-02 17:43:44,833 - EarlyStopping counter: 1 out of 15
2024-02-02 17:43:47,662 - {'epoch': 109, 'train_loss': '0.3378'}
2024-02-02 17:43:48,307 - EarlyStopping counter: 2 out of 15
2024-02-02 17:43:51,075 - {'epoch': 110, 'train_loss': '0.3408'}
2024-02-02 17:43:51,716 - EarlyStopping counter: 3 out of 15
2024-02-02 17:43:54,549 - {'epoch': 111, 'train_loss': '0.3406'}
2024-02-02 17:43:55,194 - EarlyStopping counter: 4 out of 15
2024-02-02 17:43:57,989 - {'epoch': 112, 'train_loss': '0.3378'}
2024-02-02 17:43:58,669 - EarlyStopping counter: 5 out of 15
2024-02-02 17:44:01,476 - {'epoch': 113, 'train_loss': '0.3396'}
2024-02-02 17:44:02,133 - EarlyStopping counter: 6 out of 15
2024-02-02 17:44:05,022 - {'epoch': 114, 'train_loss': '0.3332'}
2024-02-02 17:44:05,667 - Validation score increased.  Saving model ...
2024-02-02 17:44:08,534 - {'epoch': 115, 'train_loss': '0.3391'}
2024-02-02 17:44:09,180 - EarlyStopping counter: 1 out of 15
2024-02-02 17:44:12,098 - {'epoch': 116, 'train_loss': '0.3364'}
2024-02-02 17:44:12,756 - EarlyStopping counter: 2 out of 15
2024-02-02 17:44:15,607 - {'epoch': 117, 'train_loss': '0.3421'}
2024-02-02 17:44:16,258 - EarlyStopping counter: 3 out of 15
2024-02-02 17:44:19,080 - {'epoch': 118, 'train_loss': '0.3370'}
2024-02-02 17:44:19,717 - EarlyStopping counter: 4 out of 15
2024-02-02 17:44:22,501 - {'epoch': 119, 'train_loss': '0.3372'}
2024-02-02 17:44:23,139 - EarlyStopping counter: 5 out of 15
2024-02-02 17:44:25,951 - {'epoch': 120, 'train_loss': '0.3401'}
2024-02-02 17:44:26,622 - Validation score increased.  Saving model ...
2024-02-02 17:44:29,550 - {'epoch': 121, 'train_loss': '0.3368'}
2024-02-02 17:44:30,196 - EarlyStopping counter: 1 out of 15
2024-02-02 17:44:32,973 - {'epoch': 122, 'train_loss': '0.3353'}
2024-02-02 17:44:33,617 - EarlyStopping counter: 2 out of 15
2024-02-02 17:44:36,447 - {'epoch': 123, 'train_loss': '0.3375'}
2024-02-02 17:44:37,421 - EarlyStopping counter: 3 out of 15
2024-02-02 17:44:40,458 - {'epoch': 124, 'train_loss': '0.3369'}
2024-02-02 17:44:41,103 - EarlyStopping counter: 4 out of 15
2024-02-02 17:44:44,086 - {'epoch': 125, 'train_loss': '0.3385'}
2024-02-02 17:44:44,919 - EarlyStopping counter: 5 out of 15
2024-02-02 17:44:47,707 - {'epoch': 126, 'train_loss': '0.3343'}
2024-02-02 17:44:48,349 - EarlyStopping counter: 6 out of 15
2024-02-02 17:44:51,123 - {'epoch': 127, 'train_loss': '0.3398'}
2024-02-02 17:44:51,778 - EarlyStopping counter: 7 out of 15
2024-02-02 17:44:54,613 - {'epoch': 128, 'train_loss': '0.3364'}
2024-02-02 17:44:55,249 - EarlyStopping counter: 8 out of 15
2024-02-02 17:44:58,061 - {'epoch': 129, 'train_loss': '0.3307'}
2024-02-02 17:44:58,725 - EarlyStopping counter: 9 out of 15
2024-02-02 17:45:01,504 - {'epoch': 130, 'train_loss': '0.3336'}
2024-02-02 17:45:02,146 - EarlyStopping counter: 10 out of 15
2024-02-02 17:45:05,027 - {'epoch': 131, 'train_loss': '0.3321'}
2024-02-02 17:45:05,690 - EarlyStopping counter: 11 out of 15
2024-02-02 17:45:08,485 - {'epoch': 132, 'train_loss': '0.3340'}
2024-02-02 17:45:09,126 - EarlyStopping counter: 12 out of 15
2024-02-02 17:45:11,926 - {'epoch': 133, 'train_loss': '0.3268'}
2024-02-02 17:45:12,572 - EarlyStopping counter: 13 out of 15
2024-02-02 17:45:15,363 - {'epoch': 134, 'train_loss': '0.3290'}
2024-02-02 17:45:16,001 - Validation score increased.  Saving model ...
2024-02-02 17:45:18,890 - {'epoch': 135, 'train_loss': '0.3288'}
2024-02-02 17:45:19,553 - Validation score increased.  Saving model ...
2024-02-02 17:45:22,802 - {'epoch': 136, 'train_loss': '0.3283'}
2024-02-02 17:45:23,433 - EarlyStopping counter: 1 out of 15
2024-02-02 17:45:26,219 - {'epoch': 137, 'train_loss': '0.3304'}
2024-02-02 17:45:26,899 - EarlyStopping counter: 2 out of 15
2024-02-02 17:45:29,694 - {'epoch': 138, 'train_loss': '0.3260'}
2024-02-02 17:45:30,346 - Validation score increased.  Saving model ...
2024-02-02 17:45:33,183 - {'epoch': 139, 'train_loss': '0.3301'}
2024-02-02 17:45:33,826 - EarlyStopping counter: 1 out of 15
2024-02-02 17:45:36,625 - {'epoch': 140, 'train_loss': '0.3279'}
2024-02-02 17:45:37,286 - EarlyStopping counter: 2 out of 15
2024-02-02 17:45:40,055 - {'epoch': 141, 'train_loss': '0.3264'}
2024-02-02 17:45:40,718 - EarlyStopping counter: 3 out of 15
2024-02-02 17:45:43,553 - {'epoch': 142, 'train_loss': '0.3295'}
2024-02-02 17:45:44,221 - EarlyStopping counter: 4 out of 15
2024-02-02 17:45:47,017 - {'epoch': 143, 'train_loss': '0.3326'}
2024-02-02 17:45:47,668 - Validation score increased.  Saving model ...
2024-02-02 17:45:50,508 - {'epoch': 144, 'train_loss': '0.3266'}
2024-02-02 17:45:51,163 - Validation score increased.  Saving model ...
2024-02-02 17:45:53,997 - {'epoch': 145, 'train_loss': '0.3247'}
2024-02-02 17:45:54,657 - EarlyStopping counter: 1 out of 15
2024-02-02 17:45:57,456 - {'epoch': 146, 'train_loss': '0.3294'}
2024-02-02 17:45:58,106 - EarlyStopping counter: 2 out of 15
2024-02-02 17:46:00,923 - {'epoch': 147, 'train_loss': '0.3231'}
2024-02-02 17:46:01,585 - EarlyStopping counter: 3 out of 15
2024-02-02 17:46:04,372 - {'epoch': 148, 'train_loss': '0.3240'}
2024-02-02 17:46:05,008 - EarlyStopping counter: 4 out of 15
2024-02-02 17:46:07,823 - {'epoch': 149, 'train_loss': '0.3248'}
2024-02-02 17:46:08,481 - EarlyStopping counter: 5 out of 15
2024-02-02 17:46:11,306 - {'epoch': 150, 'train_loss': '0.3227'}
2024-02-02 17:46:11,940 - EarlyStopping counter: 6 out of 15
2024-02-02 17:46:14,736 - {'epoch': 151, 'train_loss': '0.3169'}
2024-02-02 17:46:15,379 - Validation score increased.  Saving model ...
2024-02-02 17:46:18,259 - {'epoch': 152, 'train_loss': '0.3207'}
2024-02-02 17:46:18,904 - EarlyStopping counter: 1 out of 15
2024-02-02 17:46:21,693 - {'epoch': 153, 'train_loss': '0.3178'}
2024-02-02 17:46:22,343 - EarlyStopping counter: 2 out of 15
2024-02-02 17:46:25,124 - {'epoch': 154, 'train_loss': '0.3214'}
2024-02-02 17:46:25,788 - Validation score increased.  Saving model ...
2024-02-02 17:46:28,675 - {'epoch': 155, 'train_loss': '0.3159'}
2024-02-02 17:46:29,328 - EarlyStopping counter: 1 out of 15
2024-02-02 17:46:32,188 - {'epoch': 156, 'train_loss': '0.3214'}
2024-02-02 17:46:32,839 - EarlyStopping counter: 2 out of 15
2024-02-02 17:46:35,682 - {'epoch': 157, 'train_loss': '0.3196'}
2024-02-02 17:46:36,337 - EarlyStopping counter: 3 out of 15
2024-02-02 17:46:39,160 - {'epoch': 158, 'train_loss': '0.3194'}
2024-02-02 17:46:39,799 - EarlyStopping counter: 4 out of 15
2024-02-02 17:46:42,626 - {'epoch': 159, 'train_loss': '0.3176'}
2024-02-02 17:46:43,281 - EarlyStopping counter: 5 out of 15
2024-02-02 17:46:46,071 - {'epoch': 160, 'train_loss': '0.3191'}
2024-02-02 17:46:46,803 - EarlyStopping counter: 6 out of 15
2024-02-02 17:46:49,596 - {'epoch': 161, 'train_loss': '0.3201'}
2024-02-02 17:46:50,242 - EarlyStopping counter: 7 out of 15
2024-02-02 17:46:53,019 - {'epoch': 162, 'train_loss': '0.3200'}
2024-02-02 17:46:53,677 - EarlyStopping counter: 8 out of 15
2024-02-02 17:46:56,501 - {'epoch': 163, 'train_loss': '0.3179'}
2024-02-02 17:46:57,142 - EarlyStopping counter: 9 out of 15
2024-02-02 17:46:59,972 - {'epoch': 164, 'train_loss': '0.3175'}
2024-02-02 17:47:00,641 - EarlyStopping counter: 10 out of 15
2024-02-02 17:47:03,427 - {'epoch': 165, 'train_loss': '0.3204'}
2024-02-02 17:47:04,084 - EarlyStopping counter: 11 out of 15
2024-02-02 17:47:06,929 - {'epoch': 166, 'train_loss': '0.3179'}
2024-02-02 17:47:07,573 - EarlyStopping counter: 12 out of 15
2024-02-02 17:47:10,375 - {'epoch': 167, 'train_loss': '0.3128'}
2024-02-02 17:47:11,034 - EarlyStopping counter: 13 out of 15
2024-02-02 17:47:13,831 - {'epoch': 168, 'train_loss': '0.3164'}
2024-02-02 17:47:14,493 - Validation score increased.  Saving model ...
2024-02-02 17:47:17,470 - {'epoch': 169, 'train_loss': '0.3149'}
2024-02-02 17:47:18,135 - EarlyStopping counter: 1 out of 15
2024-02-02 17:47:20,929 - {'epoch': 170, 'train_loss': '0.3154'}
2024-02-02 17:47:21,603 - Validation score increased.  Saving model ...
2024-02-02 17:47:24,451 - {'epoch': 171, 'train_loss': '0.3117'}
2024-02-02 17:47:25,117 - EarlyStopping counter: 1 out of 15
2024-02-02 17:47:27,928 - {'epoch': 172, 'train_loss': '0.3166'}
2024-02-02 17:47:28,591 - EarlyStopping counter: 2 out of 15
2024-02-02 17:47:31,380 - {'epoch': 173, 'train_loss': '0.3148'}
2024-02-02 17:47:32,107 - EarlyStopping counter: 3 out of 15
2024-02-02 17:47:34,937 - {'epoch': 174, 'train_loss': '0.3115'}
2024-02-02 17:47:35,596 - EarlyStopping counter: 4 out of 15
2024-02-02 17:47:38,382 - {'epoch': 175, 'train_loss': '0.3127'}
2024-02-02 17:47:39,111 - EarlyStopping counter: 5 out of 15
2024-02-02 17:47:41,912 - {'epoch': 176, 'train_loss': '0.3117'}
2024-02-02 17:47:42,561 - EarlyStopping counter: 6 out of 15
2024-02-02 17:47:45,404 - {'epoch': 177, 'train_loss': '0.3144'}
2024-02-02 17:47:46,060 - EarlyStopping counter: 7 out of 15
2024-02-02 17:47:48,889 - {'epoch': 178, 'train_loss': '0.3160'}
2024-02-02 17:47:49,537 - Validation score increased.  Saving model ...
2024-02-02 17:47:52,429 - {'epoch': 179, 'train_loss': '0.3126'}
2024-02-02 17:47:53,134 - EarlyStopping counter: 1 out of 15
2024-02-02 17:47:55,985 - {'epoch': 180, 'train_loss': '0.3146'}
2024-02-02 17:47:56,642 - EarlyStopping counter: 2 out of 15
2024-02-02 17:47:59,477 - {'epoch': 181, 'train_loss': '0.3147'}
2024-02-02 17:48:00,122 - Validation score increased.  Saving model ...
2024-02-02 17:48:03,014 - {'epoch': 182, 'train_loss': '0.3115'}
2024-02-02 17:48:03,668 - EarlyStopping counter: 1 out of 15
2024-02-02 17:48:06,515 - {'epoch': 183, 'train_loss': '0.3123'}
2024-02-02 17:48:07,172 - EarlyStopping counter: 2 out of 15
2024-02-02 17:48:09,980 - {'epoch': 184, 'train_loss': '0.3115'}
2024-02-02 17:48:10,631 - EarlyStopping counter: 3 out of 15
2024-02-02 17:48:13,422 - {'epoch': 185, 'train_loss': '0.3113'}
2024-02-02 17:48:14,066 - EarlyStopping counter: 4 out of 15
2024-02-02 17:48:16,877 - {'epoch': 186, 'train_loss': '0.3143'}
2024-02-02 17:48:17,534 - EarlyStopping counter: 5 out of 15
2024-02-02 17:48:20,370 - {'epoch': 187, 'train_loss': '0.3124'}
2024-02-02 17:48:21,014 - EarlyStopping counter: 6 out of 15
2024-02-02 17:48:23,837 - {'epoch': 188, 'train_loss': '0.3150'}
2024-02-02 17:48:24,486 - EarlyStopping counter: 7 out of 15
2024-02-02 17:48:27,286 - {'epoch': 189, 'train_loss': '0.3121'}
2024-02-02 17:48:27,944 - EarlyStopping counter: 8 out of 15
2024-02-02 17:48:30,747 - {'epoch': 190, 'train_loss': '0.3130'}
2024-02-02 17:48:31,402 - EarlyStopping counter: 9 out of 15
2024-02-02 17:48:34,183 - {'epoch': 191, 'train_loss': '0.3207'}
2024-02-02 17:48:34,835 - EarlyStopping counter: 10 out of 15
2024-02-02 17:48:37,644 - {'epoch': 192, 'train_loss': '0.3125'}
2024-02-02 17:48:38,284 - Validation score increased.  Saving model ...
2024-02-02 17:48:41,138 - {'epoch': 193, 'train_loss': '0.3109'}
2024-02-02 17:48:41,784 - EarlyStopping counter: 1 out of 15
2024-02-02 17:48:44,639 - {'epoch': 194, 'train_loss': '0.3123'}
2024-02-02 17:48:45,280 - EarlyStopping counter: 2 out of 15
2024-02-02 17:48:48,118 - {'epoch': 195, 'train_loss': '0.3127'}
2024-02-02 17:48:48,772 - EarlyStopping counter: 3 out of 15
2024-02-02 17:48:51,575 - {'epoch': 196, 'train_loss': '0.3117'}
2024-02-02 17:48:52,221 - EarlyStopping counter: 4 out of 15
2024-02-02 17:48:55,041 - {'epoch': 197, 'train_loss': '0.3160'}
2024-02-02 17:48:55,696 - EarlyStopping counter: 5 out of 15
2024-02-02 17:48:58,497 - {'epoch': 198, 'train_loss': '0.3116'}
2024-02-02 17:48:59,156 - EarlyStopping counter: 6 out of 15
2024-02-02 17:49:01,979 - {'epoch': 199, 'train_loss': '0.3156'}
2024-02-02 17:49:02,628 - EarlyStopping counter: 7 out of 15
2024-02-02 17:49:05,449 - {'epoch': 200, 'train_loss': '0.3153'}
2024-02-02 17:49:06,109 - EarlyStopping counter: 8 out of 15
2024-02-02 17:49:08,915 - {'epoch': 201, 'train_loss': '0.3151'}
2024-02-02 17:49:09,563 - EarlyStopping counter: 9 out of 15
2024-02-02 17:49:12,359 - {'epoch': 202, 'train_loss': '0.3078'}
2024-02-02 17:49:13,010 - EarlyStopping counter: 10 out of 15
2024-02-02 17:49:15,816 - {'epoch': 203, 'train_loss': '0.3095'}
2024-02-02 17:49:16,483 - EarlyStopping counter: 11 out of 15
2024-02-02 17:49:19,291 - {'epoch': 204, 'train_loss': '0.3140'}
2024-02-02 17:49:19,945 - EarlyStopping counter: 12 out of 15
2024-02-02 17:49:22,761 - {'epoch': 205, 'train_loss': '0.3100'}
2024-02-02 17:49:23,400 - Validation score increased.  Saving model ...
2024-02-02 17:49:26,289 - {'epoch': 206, 'train_loss': '0.3120'}
2024-02-02 17:49:26,952 - EarlyStopping counter: 1 out of 15
2024-02-02 17:49:29,759 - {'epoch': 207, 'train_loss': '0.3108'}
2024-02-02 17:49:30,418 - Validation score increased.  Saving model ...
2024-02-02 17:49:33,271 - {'epoch': 208, 'train_loss': '0.3111'}
2024-02-02 17:49:33,927 - EarlyStopping counter: 1 out of 15
2024-02-02 17:49:36,718 - {'epoch': 209, 'train_loss': '0.3145'}
2024-02-02 17:49:37,367 - EarlyStopping counter: 2 out of 15
2024-02-02 17:49:40,204 - {'epoch': 210, 'train_loss': '0.3114'}
2024-02-02 17:49:41,281 - EarlyStopping counter: 3 out of 15
2024-02-02 17:49:44,172 - {'epoch': 211, 'train_loss': '0.3103'}
2024-02-02 17:49:44,818 - EarlyStopping counter: 4 out of 15
2024-02-02 17:49:47,665 - {'epoch': 212, 'train_loss': '0.3124'}
2024-02-02 17:49:48,399 - EarlyStopping counter: 5 out of 15
2024-02-02 17:49:51,221 - {'epoch': 213, 'train_loss': '0.3118'}
2024-02-02 17:49:51,864 - Validation score increased.  Saving model ...
2024-02-02 17:49:54,731 - {'epoch': 214, 'train_loss': '0.3086'}
2024-02-02 17:49:55,384 - EarlyStopping counter: 1 out of 15
2024-02-02 17:49:58,188 - {'epoch': 215, 'train_loss': '0.3088'}
2024-02-02 17:49:58,841 - EarlyStopping counter: 2 out of 15
2024-02-02 17:50:01,639 - {'epoch': 216, 'train_loss': '0.3113'}
2024-02-02 17:50:02,293 - EarlyStopping counter: 3 out of 15
2024-02-02 17:50:05,107 - {'epoch': 217, 'train_loss': '0.3108'}
2024-02-02 17:50:05,789 - EarlyStopping counter: 4 out of 15
2024-02-02 17:50:08,887 - {'epoch': 218, 'train_loss': '0.3082'}
2024-02-02 17:50:09,529 - EarlyStopping counter: 5 out of 15
2024-02-02 17:50:12,551 - {'epoch': 219, 'train_loss': '0.3105'}
2024-02-02 17:50:13,195 - EarlyStopping counter: 6 out of 15
2024-02-02 17:50:16,513 - {'epoch': 220, 'train_loss': '0.3056'}
2024-02-02 17:50:17,175 - EarlyStopping counter: 7 out of 15
2024-02-02 17:50:20,021 - {'epoch': 221, 'train_loss': '0.3092'}
2024-02-02 17:50:20,687 - EarlyStopping counter: 8 out of 15
2024-02-02 17:50:23,500 - {'epoch': 222, 'train_loss': '0.3061'}
2024-02-02 17:50:24,169 - EarlyStopping counter: 9 out of 15
2024-02-02 17:50:27,832 - {'epoch': 223, 'train_loss': '0.3108'}
2024-02-02 17:50:28,754 - EarlyStopping counter: 10 out of 15
2024-02-02 17:50:31,546 - {'epoch': 224, 'train_loss': '0.3141'}
2024-02-02 17:50:32,187 - EarlyStopping counter: 11 out of 15
2024-02-02 17:50:34,987 - {'epoch': 225, 'train_loss': '0.3144'}
2024-02-02 17:50:36,135 - EarlyStopping counter: 12 out of 15
2024-02-02 17:50:39,484 - {'epoch': 226, 'train_loss': '0.3114'}
2024-02-02 17:50:40,137 - EarlyStopping counter: 13 out of 15
2024-02-02 17:50:42,931 - {'epoch': 227, 'train_loss': '0.3097'}
2024-02-02 17:50:43,579 - EarlyStopping counter: 14 out of 15
2024-02-02 17:50:46,569 - {'epoch': 228, 'train_loss': '0.3088'}
2024-02-02 17:50:47,225 - EarlyStopping counter: 15 out of 15
2024-02-02 17:50:47,225 - Early stopping
2024-02-02 17:50:47,272 - Load best pretrained model from ./output/income_best_finetune.pt
2024-02-02 17:50:47,276 - Load best mlp model from ./output/income_best_mlp.pt
2024-02-02 17:50:48,744 - Test Result = Accuracy: [0.850132802124834], ROC_AUC: [0.906406737723639]
